<?xml version="1.0" encoding="UTF-8"?>
<robot generator="Robot 4.1.2 (Python 3.9.0 on linux)" generated="20211119 21:35:01.743" rpa="false" schemaversion="2">
<suite id="s1" name="Tests" source="/home/apietila/ohtu-tehtavat/viikko3/hello-robot/src/tests">
<suite id="s1-s1" name="Increase Counter" source="/home/apietila/ohtu-tehtavat/viikko3/hello-robot/src/tests/increase_counter.robot">
<test id="s1-s1-t1" name="Increase Counter Once">
<kw name="Counter Value Should Be" library="CounterLibrary">
<arg>0</arg>
<status status="PASS" starttime="20211119 21:35:01.774" endtime="20211119 21:35:01.775"/>
</kw>
<kw name="Increase Counter" library="CounterLibrary">
<status status="PASS" starttime="20211119 21:35:01.775" endtime="20211119 21:35:01.775"/>
</kw>
<kw name="Counter Value Should Be" library="CounterLibrary">
<arg>1</arg>
<status status="PASS" starttime="20211119 21:35:01.775" endtime="20211119 21:35:01.776"/>
</kw>
<status status="PASS" starttime="20211119 21:35:01.773" endtime="20211119 21:35:01.776"/>
</test>
<test id="s1-s1-t2" name="Increase Counter Many Times">
<kw name="Counter Value Should Be" library="CounterLibrary">
<arg>0</arg>
<status status="PASS" starttime="20211119 21:35:01.776" endtime="20211119 21:35:01.777"/>
</kw>
<kw name="Increase Counter" library="CounterLibrary">
<status status="PASS" starttime="20211119 21:35:01.777" endtime="20211119 21:35:01.777"/>
</kw>
<kw name="Increase Counter" library="CounterLibrary">
<status status="PASS" starttime="20211119 21:35:01.777" endtime="20211119 21:35:01.777"/>
</kw>
<kw name="Increase Counter" library="CounterLibrary">
<status status="PASS" starttime="20211119 21:35:01.778" endtime="20211119 21:35:01.778"/>
</kw>
<kw name="Counter Value Should Be" library="CounterLibrary">
<arg>3</arg>
<status status="PASS" starttime="20211119 21:35:01.778" endtime="20211119 21:35:01.778"/>
</kw>
<status status="PASS" starttime="20211119 21:35:01.776" endtime="20211119 21:35:01.778"/>
</test>
<test id="s1-s1-t3" name="Increment Counter By Amount">
<kw name="Counter Value Should Be" library="CounterLibrary">
<arg>0</arg>
<status status="PASS" starttime="20211119 21:35:01.779" endtime="20211119 21:35:01.779"/>
</kw>
<kw name="Increment Counter By" library="CounterLibrary">
<arg>5</arg>
<status status="PASS" starttime="20211119 21:35:01.779" endtime="20211119 21:35:01.779"/>
</kw>
<kw name="Counter Value Should Be" library="CounterLibrary">
<arg>5</arg>
<status status="PASS" starttime="20211119 21:35:01.780" endtime="20211119 21:35:01.780"/>
</kw>
<status status="PASS" starttime="20211119 21:35:01.778" endtime="20211119 21:35:01.780"/>
</test>
<test id="s1-s1-t4" name="Reset Counter After One Increment">
<kw name="Counter Value Should Be" library="CounterLibrary">
<arg>0</arg>
<status status="PASS" starttime="20211119 21:35:01.781" endtime="20211119 21:35:01.781"/>
</kw>
<kw name="Increase Counter" library="CounterLibrary">
<status status="PASS" starttime="20211119 21:35:01.781" endtime="20211119 21:35:01.781"/>
</kw>
<kw name="Counter Value Should Be" library="CounterLibrary">
<arg>1</arg>
<status status="PASS" starttime="20211119 21:35:01.782" endtime="20211119 21:35:01.782"/>
</kw>
<kw name="Reset Counter" library="CounterLibrary">
<status status="PASS" starttime="20211119 21:35:01.782" endtime="20211119 21:35:01.782"/>
</kw>
<kw name="Counter Value Should Be" library="CounterLibrary">
<arg>0</arg>
<status status="PASS" starttime="20211119 21:35:01.782" endtime="20211119 21:35:01.783"/>
</kw>
<status status="PASS" starttime="20211119 21:35:01.780" endtime="20211119 21:35:01.783"/>
</test>
<test id="s1-s1-t5" name="Reset Counter After Several Increments">
<kw name="Counter Value Should Be" library="CounterLibrary">
<arg>0</arg>
<status status="PASS" starttime="20211119 21:35:01.783" endtime="20211119 21:35:01.783"/>
</kw>
<kw name="Increment Counter By" library="CounterLibrary">
<arg>5</arg>
<status status="PASS" starttime="20211119 21:35:01.784" endtime="20211119 21:35:01.784"/>
</kw>
<kw name="Counter Value Should Be" library="CounterLibrary">
<arg>5</arg>
<status status="PASS" starttime="20211119 21:35:01.784" endtime="20211119 21:35:01.784"/>
</kw>
<kw name="Reset Counter" library="CounterLibrary">
<status status="PASS" starttime="20211119 21:35:01.784" endtime="20211119 21:35:01.784"/>
</kw>
<kw name="Counter Value Should Be" library="CounterLibrary">
<arg>0</arg>
<status status="PASS" starttime="20211119 21:35:01.784" endtime="20211119 21:35:01.785"/>
</kw>
<status status="PASS" starttime="20211119 21:35:01.783" endtime="20211119 21:35:01.785"/>
</test>
<status status="PASS" starttime="20211119 21:35:01.768" endtime="20211119 21:35:01.785"/>
</suite>
<status status="PASS" starttime="20211119 21:35:01.744" endtime="20211119 21:35:01.786"/>
</suite>
<statistics>
<total>
<stat pass="5" fail="0" skip="0">All Tests</stat>
</total>
<tag>
</tag>
<suite>
<stat pass="5" fail="0" skip="0" id="s1" name="Tests">Tests</stat>
<stat pass="5" fail="0" skip="0" id="s1-s1" name="Increase Counter">Tests.Increase Counter</stat>
</suite>
</statistics>
<errors>
</errors>
</robot>
