<?xml version="1.0" encoding="UTF-8"?>
<robot generator="Robot 4.1.2 (Python 3.9.0 on linux)" generated="20211121 20:17:13.873" rpa="false" schemaversion="2">
<suite id="s1" name="Tests" source="/home/apietila/ohtu-tehtavat/viikko3/login-robot/src/tests">
<suite id="s1-s1" name="Login" source="/home/apietila/ohtu-tehtavat/viikko3/login-robot/src/tests/login.robot">
<test id="s1-s1-t1" name="Login With Correct Credentials">
<kw name="Create User And Input Login Command" type="SETUP">
<kw name="Create User" library="AppLibrary">
<arg>kalle</arg>
<arg>kalle123</arg>
<status status="PASS" starttime="20211121 20:17:13.901" endtime="20211121 20:17:13.901"/>
</kw>
<kw name="Input Login Command" library="resource">
<kw name="Input" library="AppLibrary">
<arg>login</arg>
<status status="PASS" starttime="20211121 20:17:13.902" endtime="20211121 20:17:13.902"/>
</kw>
<status status="PASS" starttime="20211121 20:17:13.901" endtime="20211121 20:17:13.902"/>
</kw>
<status status="PASS" starttime="20211121 20:17:13.901" endtime="20211121 20:17:13.902"/>
</kw>
<kw name="Input Credentials" library="resource">
<arg>kalle</arg>
<arg>kalle123</arg>
<kw name="Input" library="AppLibrary">
<arg>${username}</arg>
<status status="PASS" starttime="20211121 20:17:13.902" endtime="20211121 20:17:13.903"/>
</kw>
<kw name="Input" library="AppLibrary">
<arg>${password}</arg>
<status status="PASS" starttime="20211121 20:17:13.903" endtime="20211121 20:17:13.903"/>
</kw>
<kw name="Run Application" library="AppLibrary">
<status status="PASS" starttime="20211121 20:17:13.903" endtime="20211121 20:17:13.903"/>
</kw>
<status status="PASS" starttime="20211121 20:17:13.902" endtime="20211121 20:17:13.904"/>
</kw>
<kw name="Output Should Contain" library="AppLibrary">
<arg>Logged in</arg>
<status status="PASS" starttime="20211121 20:17:13.904" endtime="20211121 20:17:13.904"/>
</kw>
<status status="PASS" starttime="20211121 20:17:13.900" endtime="20211121 20:17:13.904"/>
</test>
<test id="s1-s1-t2" name="Login With Incorrect Password">
<kw name="Create User And Input Login Command" type="SETUP">
<kw name="Create User" library="AppLibrary">
<arg>kalle</arg>
<arg>kalle123</arg>
<status status="PASS" starttime="20211121 20:17:13.905" endtime="20211121 20:17:13.905"/>
</kw>
<kw name="Input Login Command" library="resource">
<kw name="Input" library="AppLibrary">
<arg>login</arg>
<status status="PASS" starttime="20211121 20:17:13.906" endtime="20211121 20:17:13.906"/>
</kw>
<status status="PASS" starttime="20211121 20:17:13.905" endtime="20211121 20:17:13.906"/>
</kw>
<status status="PASS" starttime="20211121 20:17:13.905" endtime="20211121 20:17:13.906"/>
</kw>
<kw name="Input Credentials" library="resource">
<arg>kalle</arg>
<arg>kalle124</arg>
<kw name="Input" library="AppLibrary">
<arg>${username}</arg>
<status status="PASS" starttime="20211121 20:17:13.907" endtime="20211121 20:17:13.907"/>
</kw>
<kw name="Input" library="AppLibrary">
<arg>${password}</arg>
<status status="PASS" starttime="20211121 20:17:13.907" endtime="20211121 20:17:13.907"/>
</kw>
<kw name="Run Application" library="AppLibrary">
<status status="PASS" starttime="20211121 20:17:13.907" endtime="20211121 20:17:13.908"/>
</kw>
<status status="PASS" starttime="20211121 20:17:13.906" endtime="20211121 20:17:13.908"/>
</kw>
<kw name="Output Should Contain" library="AppLibrary">
<arg>Invalid username or password</arg>
<status status="PASS" starttime="20211121 20:17:13.908" endtime="20211121 20:17:13.908"/>
</kw>
<status status="PASS" starttime="20211121 20:17:13.904" endtime="20211121 20:17:13.909"/>
</test>
<test id="s1-s1-t3" name="Login With Nonexistent username">
<kw name="Create User And Input Login Command" type="SETUP">
<kw name="Create User" library="AppLibrary">
<arg>kalle</arg>
<arg>kalle123</arg>
<status status="PASS" starttime="20211121 20:17:13.910" endtime="20211121 20:17:13.910"/>
</kw>
<kw name="Input Login Command" library="resource">
<kw name="Input" library="AppLibrary">
<arg>login</arg>
<status status="PASS" starttime="20211121 20:17:13.910" endtime="20211121 20:17:13.911"/>
</kw>
<status status="PASS" starttime="20211121 20:17:13.910" endtime="20211121 20:17:13.911"/>
</kw>
<status status="PASS" starttime="20211121 20:17:13.909" endtime="20211121 20:17:13.911"/>
</kw>
<kw name="Input Credentials" library="resource">
<arg>kallew</arg>
<arg>kalle123</arg>
<kw name="Input" library="AppLibrary">
<arg>${username}</arg>
<status status="PASS" starttime="20211121 20:17:13.911" endtime="20211121 20:17:13.912"/>
</kw>
<kw name="Input" library="AppLibrary">
<arg>${password}</arg>
<status status="PASS" starttime="20211121 20:17:13.912" endtime="20211121 20:17:13.912"/>
</kw>
<kw name="Run Application" library="AppLibrary">
<status status="PASS" starttime="20211121 20:17:13.912" endtime="20211121 20:17:13.912"/>
</kw>
<status status="PASS" starttime="20211121 20:17:13.911" endtime="20211121 20:17:13.912"/>
</kw>
<kw name="Output Should Contain" library="AppLibrary">
<arg>Invalid username or password</arg>
<status status="PASS" starttime="20211121 20:17:13.912" endtime="20211121 20:17:13.912"/>
</kw>
<status status="PASS" starttime="20211121 20:17:13.909" endtime="20211121 20:17:13.913"/>
</test>
<status status="PASS" starttime="20211121 20:17:13.894" endtime="20211121 20:17:13.913"/>
</suite>
<suite id="s1-s2" name="Register" source="/home/apietila/ohtu-tehtavat/viikko3/login-robot/src/tests/register.robot">
<test id="s1-s2-t1" name="Register With Valid Username And Password">
<kw name="Input New Command And Create User" type="SETUP">
<kw name="Create User" library="AppLibrary">
<arg>kalle</arg>
<arg>kalle123</arg>
<status status="PASS" starttime="20211121 20:17:13.917" endtime="20211121 20:17:13.917"/>
</kw>
<kw name="Input New Command" library="resource">
<kw name="Input" library="AppLibrary">
<arg>new</arg>
<status status="PASS" starttime="20211121 20:17:13.917" endtime="20211121 20:17:13.917"/>
</kw>
<status status="PASS" starttime="20211121 20:17:13.917" endtime="20211121 20:17:13.917"/>
</kw>
<status status="PASS" starttime="20211121 20:17:13.916" endtime="20211121 20:17:13.917"/>
</kw>
<kw name="Input Credentials" library="resource">
<arg>lissu</arg>
<arg>kissu123</arg>
<kw name="Input" library="AppLibrary">
<arg>${username}</arg>
<status status="PASS" starttime="20211121 20:17:13.918" endtime="20211121 20:17:13.918"/>
</kw>
<kw name="Input" library="AppLibrary">
<arg>${password}</arg>
<status status="PASS" starttime="20211121 20:17:13.918" endtime="20211121 20:17:13.918"/>
</kw>
<kw name="Run Application" library="AppLibrary">
<status status="PASS" starttime="20211121 20:17:13.918" endtime="20211121 20:17:13.918"/>
</kw>
<status status="PASS" starttime="20211121 20:17:13.917" endtime="20211121 20:17:13.919"/>
</kw>
<kw name="Output Should Contain" library="AppLibrary">
<arg>New user registered</arg>
<status status="PASS" starttime="20211121 20:17:13.919" endtime="20211121 20:17:13.919"/>
</kw>
<status status="PASS" starttime="20211121 20:17:13.916" endtime="20211121 20:17:13.919"/>
</test>
<test id="s1-s2-t2" name="Register With Already Taken Username And Valid Password">
<kw name="Input New Command And Create User" type="SETUP">
<kw name="Create User" library="AppLibrary">
<arg>kalle</arg>
<arg>kalle123</arg>
<status status="PASS" starttime="20211121 20:17:13.920" endtime="20211121 20:17:13.920"/>
</kw>
<kw name="Input New Command" library="resource">
<kw name="Input" library="AppLibrary">
<arg>new</arg>
<status status="PASS" starttime="20211121 20:17:13.920" endtime="20211121 20:17:13.920"/>
</kw>
<status status="PASS" starttime="20211121 20:17:13.920" endtime="20211121 20:17:13.921"/>
</kw>
<status status="PASS" starttime="20211121 20:17:13.920" endtime="20211121 20:17:13.921"/>
</kw>
<kw name="Input Credentials" library="resource">
<arg>kalle</arg>
<arg>kalle123</arg>
<kw name="Input" library="AppLibrary">
<arg>${username}</arg>
<status status="PASS" starttime="20211121 20:17:13.921" endtime="20211121 20:17:13.921"/>
</kw>
<kw name="Input" library="AppLibrary">
<arg>${password}</arg>
<status status="PASS" starttime="20211121 20:17:13.921" endtime="20211121 20:17:13.922"/>
</kw>
<kw name="Run Application" library="AppLibrary">
<status status="PASS" starttime="20211121 20:17:13.922" endtime="20211121 20:17:13.922"/>
</kw>
<status status="PASS" starttime="20211121 20:17:13.921" endtime="20211121 20:17:13.922"/>
</kw>
<kw name="Output Should Contain" library="AppLibrary">
<arg>User with username kalle already exists</arg>
<status status="PASS" starttime="20211121 20:17:13.922" endtime="20211121 20:17:13.922"/>
</kw>
<status status="PASS" starttime="20211121 20:17:13.919" endtime="20211121 20:17:13.923"/>
</test>
<test id="s1-s2-t3" name="Register With Too Short Username And Valid Password">
<kw name="Input New Command And Create User" type="SETUP">
<kw name="Create User" library="AppLibrary">
<arg>kalle</arg>
<arg>kalle123</arg>
<status status="PASS" starttime="20211121 20:17:13.924" endtime="20211121 20:17:13.924"/>
</kw>
<kw name="Input New Command" library="resource">
<kw name="Input" library="AppLibrary">
<arg>new</arg>
<status status="PASS" starttime="20211121 20:17:13.925" endtime="20211121 20:17:13.925"/>
</kw>
<status status="PASS" starttime="20211121 20:17:13.924" endtime="20211121 20:17:13.925"/>
</kw>
<status status="PASS" starttime="20211121 20:17:13.923" endtime="20211121 20:17:13.925"/>
</kw>
<kw name="Input Credentials" library="resource">
<arg>al</arg>
<arg>nalle123</arg>
<kw name="Input" library="AppLibrary">
<arg>${username}</arg>
<status status="PASS" starttime="20211121 20:17:13.926" endtime="20211121 20:17:13.926"/>
</kw>
<kw name="Input" library="AppLibrary">
<arg>${password}</arg>
<status status="PASS" starttime="20211121 20:17:13.926" endtime="20211121 20:17:13.926"/>
</kw>
<kw name="Run Application" library="AppLibrary">
<status status="PASS" starttime="20211121 20:17:13.926" endtime="20211121 20:17:13.927"/>
</kw>
<status status="PASS" starttime="20211121 20:17:13.925" endtime="20211121 20:17:13.927"/>
</kw>
<kw name="Output Should Contain" library="AppLibrary">
<arg>Username must be at least 3 characters long</arg>
<status status="PASS" starttime="20211121 20:17:13.927" endtime="20211121 20:17:13.927"/>
</kw>
<status status="PASS" starttime="20211121 20:17:13.923" endtime="20211121 20:17:13.927"/>
</test>
<test id="s1-s2-t4" name="Register With Valid Username And Too Short Password">
<kw name="Input New Command And Create User" type="SETUP">
<kw name="Create User" library="AppLibrary">
<arg>kalle</arg>
<arg>kalle123</arg>
<status status="PASS" starttime="20211121 20:17:13.929" endtime="20211121 20:17:13.929"/>
</kw>
<kw name="Input New Command" library="resource">
<kw name="Input" library="AppLibrary">
<arg>new</arg>
<status status="PASS" starttime="20211121 20:17:13.930" endtime="20211121 20:17:13.930"/>
</kw>
<status status="PASS" starttime="20211121 20:17:13.929" endtime="20211121 20:17:13.930"/>
</kw>
<status status="PASS" starttime="20211121 20:17:13.928" endtime="20211121 20:17:13.930"/>
</kw>
<kw name="Input Credentials" library="resource">
<arg>nalle</arg>
<arg>nalle12</arg>
<kw name="Input" library="AppLibrary">
<arg>${username}</arg>
<status status="PASS" starttime="20211121 20:17:13.931" endtime="20211121 20:17:13.931"/>
</kw>
<kw name="Input" library="AppLibrary">
<arg>${password}</arg>
<status status="PASS" starttime="20211121 20:17:13.931" endtime="20211121 20:17:13.931"/>
</kw>
<kw name="Run Application" library="AppLibrary">
<status status="PASS" starttime="20211121 20:17:13.931" endtime="20211121 20:17:13.932"/>
</kw>
<status status="PASS" starttime="20211121 20:17:13.930" endtime="20211121 20:17:13.932"/>
</kw>
<kw name="Output Should Contain" library="AppLibrary">
<arg>Password must be at least 8 characters long</arg>
<status status="PASS" starttime="20211121 20:17:13.932" endtime="20211121 20:17:13.932"/>
</kw>
<status status="PASS" starttime="20211121 20:17:13.928" endtime="20211121 20:17:13.932"/>
</test>
<test id="s1-s2-t5" name="Register With Valid Username And Long Enough Password Containing Only Letters">
<kw name="Input New Command And Create User" type="SETUP">
<kw name="Create User" library="AppLibrary">
<arg>kalle</arg>
<arg>kalle123</arg>
<status status="PASS" starttime="20211121 20:17:13.933" endtime="20211121 20:17:13.934"/>
</kw>
<kw name="Input New Command" library="resource">
<kw name="Input" library="AppLibrary">
<arg>new</arg>
<status status="PASS" starttime="20211121 20:17:13.934" endtime="20211121 20:17:13.934"/>
</kw>
<status status="PASS" starttime="20211121 20:17:13.934" endtime="20211121 20:17:13.934"/>
</kw>
<status status="PASS" starttime="20211121 20:17:13.933" endtime="20211121 20:17:13.935"/>
</kw>
<kw name="Input Credentials" library="resource">
<arg>nalle</arg>
<arg>nillenalle</arg>
<kw name="Input" library="AppLibrary">
<arg>${username}</arg>
<status status="PASS" starttime="20211121 20:17:13.935" endtime="20211121 20:17:13.935"/>
</kw>
<kw name="Input" library="AppLibrary">
<arg>${password}</arg>
<status status="PASS" starttime="20211121 20:17:13.935" endtime="20211121 20:17:13.936"/>
</kw>
<kw name="Run Application" library="AppLibrary">
<status status="PASS" starttime="20211121 20:17:13.936" endtime="20211121 20:17:13.936"/>
</kw>
<status status="PASS" starttime="20211121 20:17:13.935" endtime="20211121 20:17:13.936"/>
</kw>
<kw name="Output Should Contain" library="AppLibrary">
<arg>Password cannot contain only letters</arg>
<status status="PASS" starttime="20211121 20:17:13.936" endtime="20211121 20:17:13.936"/>
</kw>
<status status="PASS" starttime="20211121 20:17:13.933" endtime="20211121 20:17:13.937"/>
</test>
<status status="PASS" starttime="20211121 20:17:13.914" endtime="20211121 20:17:13.937"/>
</suite>
<status status="PASS" starttime="20211121 20:17:13.874" endtime="20211121 20:17:13.938"/>
</suite>
<statistics>
<total>
<stat pass="8" fail="0" skip="0">All Tests</stat>
</total>
<tag>
</tag>
<suite>
<stat pass="8" fail="0" skip="0" id="s1" name="Tests">Tests</stat>
<stat pass="3" fail="0" skip="0" id="s1-s1" name="Login">Tests.Login</stat>
<stat pass="5" fail="0" skip="0" id="s1-s2" name="Register">Tests.Register</stat>
</suite>
</statistics>
<errors>
</errors>
</robot>
